2024-12-08T14:47:21.808+05:00  WARN 19448 --- [app-pdf-bot] [main] org.hibernate.orm.deprecation            : HHH90000025: H2Dialect does not need to be specified explicitly using 'hibernate.dialect' (remove the property setting and it will be selected by default)
2024-12-08T14:47:23.926+05:00  WARN 19448 --- [app-pdf-bot] [main] ConfigServletWebServerApplicationContext : Exception encountered during context initialization - cancelling refresh attempt: org.springframework.beans.factory.UnsatisfiedDependencyException: Error creating bean with name 'dataLoader' defined in file [C:\Users\dilsh\IdeaProjects\app-pdf-bot\target\classes\com\dilshodlatipov\pdfbot\apppdfbot\config\DataLoader.class]: Unsatisfied dependency expressed through constructor parameter 0: Error creating bean with name 'pdfServiceBot' defined in class path resource [com/dilshodlatipov/pdfbot/apppdfbot/config/BotConfig.class]: Unsatisfied dependency expressed through method 'pdfServiceBot' parameter 1: Error creating bean with name 'botRouterImpl' defined in file [C:\Users\dilsh\IdeaProjects\app-pdf-bot\target\classes\com\dilshodlatipov\pdfbot\apppdfbot\service\bot\BotRouterImpl.class]: Unsatisfied dependency expressed through constructor parameter 4: Error creating bean with name 'textBotServiceImpl' defined in file [C:\Users\dilsh\IdeaProjects\app-pdf-bot\target\classes\com\dilshodlatipov\pdfbot\apppdfbot\service\bot\TextBotServiceImpl.class]: Unsatisfied dependency expressed through constructor parameter 2: Error creating bean with name 'pdfServiceBot': Requested bean is currently in creation: Is there an unresolvable circular reference?
2024-12-08T14:47:23.971+05:00 ERROR 19448 --- [app-pdf-bot] [main] o.s.b.d.LoggingFailureAnalysisReporter   : 

***************************
APPLICATION FAILED TO START
***************************

Description:

The dependencies of some of the beans in the application context form a cycle:

   dataLoader defined in file [C:\Users\dilsh\IdeaProjects\app-pdf-bot\target\classes\com\dilshodlatipov\pdfbot\apppdfbot\config\DataLoader.class]
┌─────┐
|  pdfServiceBot defined in class path resource [com/dilshodlatipov/pdfbot/apppdfbot/config/BotConfig.class]
↑     ↓
|  botRouterImpl defined in file [C:\Users\dilsh\IdeaProjects\app-pdf-bot\target\classes\com\dilshodlatipov\pdfbot\apppdfbot\service\bot\BotRouterImpl.class]
↑     ↓
|  textBotServiceImpl defined in file [C:\Users\dilsh\IdeaProjects\app-pdf-bot\target\classes\com\dilshodlatipov\pdfbot\apppdfbot\service\bot\TextBotServiceImpl.class]
└─────┘


Action:

Relying upon circular references is discouraged and they are prohibited by default. Update your application to remove the dependency cycle between beans. As a last resort, it may be possible to break the cycle automatically by setting spring.main.allow-circular-references to true.

2024-12-08T15:16:27.904+05:00  WARN 21384 --- [app-pdf-bot] [main] org.hibernate.orm.deprecation            : HHH90000025: H2Dialect does not need to be specified explicitly using 'hibernate.dialect' (remove the property setting and it will be selected by default)
2024-12-08T15:16:32.907+05:00  WARN 21384 --- [app-pdf-bot] [main] JpaBaseConfiguration$JpaWebConfiguration : spring.jpa.open-in-view is enabled by default. Therefore, database queries may be performed during view rendering. Explicitly configure spring.jpa.open-in-view to disable this warning
2024-12-08T15:17:47.149+05:00  WARN 2216 --- [app-pdf-bot] [main] org.hibernate.orm.deprecation            : HHH90000025: H2Dialect does not need to be specified explicitly using 'hibernate.dialect' (remove the property setting and it will be selected by default)
2024-12-08T15:17:52.387+05:00  WARN 2216 --- [app-pdf-bot] [main] JpaBaseConfiguration$JpaWebConfiguration : spring.jpa.open-in-view is enabled by default. Therefore, database queries may be performed during view rendering. Explicitly configure spring.jpa.open-in-view to disable this warning
2024-12-08T15:19:15.038+05:00  WARN 2216 --- [app-pdf-bot] [HikariPool-1 housekeeper] com.zaxxer.hikari.pool.HikariPool        : HikariPool-1 - Thread starvation or clock leap detected (housekeeper delta=57s825ms383µs400ns).
2024-12-08T15:23:17.238+05:00  WARN 2216 --- [app-pdf-bot] [HikariPool-1 housekeeper] com.zaxxer.hikari.pool.HikariPool        : HikariPool-1 - Thread starvation or clock leap detected (housekeeper delta=4m2s193ms709µs800ns).
2024-12-08T15:23:34.309+05:00 ERROR 2216 --- [app-pdf-bot] [http-nio-80-exec-9] c.d.p.a.exceptions.ExceptionHelper       : No static resource h2console. - 
2024-12-08T15:23:34.352+05:00 ERROR 2216 --- [app-pdf-bot] [http-nio-80-exec-6] c.d.p.a.exceptions.ExceptionHelper       : Invalid input. - {"update_id":936400398,
"message":{"message_id":1042,"from":{"id":1189809266,"is_bot":false,"first_name":"Dilshod","last_name":"Latipov","username":"dilshodlatipov","language_code":"en"},"chat":{"id":1189809266,"first_name":"Dilshod","last_name":"Latipov","username":"dilshodlatipov","type":"private"},"date":1733653166,"text":"/text","entities":[{"offset":0,"length":5,"type":"bot_command"}]}}
2024-12-08T15:23:34.352+05:00 ERROR 2216 --- [app-pdf-bot] [http-nio-80-exec-1] c.d.p.a.exceptions.ExceptionHelper       : Invalid input. - {"update_id":936400398,
"message":{"message_id":1042,"from":{"id":1189809266,"is_bot":false,"first_name":"Dilshod","last_name":"Latipov","username":"dilshodlatipov","language_code":"en"},"chat":{"id":1189809266,"first_name":"Dilshod","last_name":"Latipov","username":"dilshodlatipov","type":"private"},"date":1733653166,"text":"/text","entities":[{"offset":0,"length":5,"type":"bot_command"}]}}
2024-12-08T15:23:34.352+05:00 ERROR 2216 --- [app-pdf-bot] [http-nio-80-exec-10] c.d.p.a.exceptions.ExceptionHelper       : Invalid input. - {"update_id":936400398,
"message":{"message_id":1042,"from":{"id":1189809266,"is_bot":false,"first_name":"Dilshod","last_name":"Latipov","username":"dilshodlatipov","language_code":"en"},"chat":{"id":1189809266,"first_name":"Dilshod","last_name":"Latipov","username":"dilshodlatipov","type":"private"},"date":1733653166,"text":"/text","entities":[{"offset":0,"length":5,"type":"bot_command"}]}}
2024-12-08T15:23:34.352+05:00 ERROR 2216 --- [app-pdf-bot] [http-nio-80-exec-7] c.d.p.a.exceptions.ExceptionHelper       : Invalid input. - {"update_id":936400398,
"message":{"message_id":1042,"from":{"id":1189809266,"is_bot":false,"first_name":"Dilshod","last_name":"Latipov","username":"dilshodlatipov","language_code":"en"},"chat":{"id":1189809266,"first_name":"Dilshod","last_name":"Latipov","username":"dilshodlatipov","type":"private"},"date":1733653166,"text":"/text","entities":[{"offset":0,"length":5,"type":"bot_command"}]}}
2024-12-08T15:23:35.436+05:00 ERROR 2216 --- [app-pdf-bot] [http-nio-80-exec-7] c.d.p.a.exceptions.ExceptionHelper       : No static resource favicon.ico. - 
2024-12-08T15:23:58.318+05:00 ERROR 2216 --- [app-pdf-bot] [http-nio-80-exec-6] c.d.p.a.exceptions.ExceptionHelper       : Invalid input. - {"update_id":936400398,
"message":{"message_id":1042,"from":{"id":1189809266,"is_bot":false,"first_name":"Dilshod","last_name":"Latipov","username":"dilshodlatipov","language_code":"en"},"chat":{"id":1189809266,"first_name":"Dilshod","last_name":"Latipov","username":"dilshodlatipov","type":"private"},"date":1733653166,"text":"/text","entities":[{"offset":0,"length":5,"type":"bot_command"}]}}
2024-12-08T15:24:52.052+05:00  WARN 2216 --- [app-pdf-bot] [HikariPool-1 housekeeper] com.zaxxer.hikari.pool.HikariPool        : HikariPool-1 - Thread starvation or clock leap detected (housekeeper delta=53s747ms205µs900ns).
2024-12-08T15:25:09.094+05:00  WARN 2216 --- [app-pdf-bot] [http-nio-80-exec-5] o.a.p.p.font.FileSystemFontProvider      : 109 new fonts found, font cache will be re-built
2024-12-08T15:25:09.094+05:00  WARN 2216 --- [app-pdf-bot] [http-nio-80-exec-5] o.a.p.p.font.FileSystemFontProvider      : Building on-disk font cache, this may take a while
2024-12-08T15:25:09.859+05:00  WARN 2216 --- [app-pdf-bot] [http-nio-80-exec-5] org.apache.fontbox.ttf.CmapSubtable      : Format 14 cmap table is not supported and will be ignored
2024-12-08T15:25:11.239+05:00  WARN 2216 --- [app-pdf-bot] [http-nio-80-exec-5] org.apache.fontbox.ttf.CmapSubtable      : Format 14 cmap table is not supported and will be ignored
2024-12-08T15:25:11.260+05:00  WARN 2216 --- [app-pdf-bot] [http-nio-80-exec-5] org.apache.fontbox.ttf.CmapSubtable      : Format 14 cmap table is not supported and will be ignored
2024-12-08T15:25:11.263+05:00  WARN 2216 --- [app-pdf-bot] [http-nio-80-exec-5] org.apache.fontbox.ttf.CmapSubtable      : Format 14 cmap table is not supported and will be ignored
2024-12-08T15:25:11.316+05:00  WARN 2216 --- [app-pdf-bot] [http-nio-80-exec-5] org.apache.fontbox.ttf.CmapSubtable      : Format 14 cmap table is not supported and will be ignored
2024-12-08T15:25:11.333+05:00  WARN 2216 --- [app-pdf-bot] [http-nio-80-exec-5] org.apache.fontbox.ttf.CmapSubtable      : Format 14 cmap table is not supported and will be ignored
2024-12-08T15:25:11.348+05:00  WARN 2216 --- [app-pdf-bot] [http-nio-80-exec-5] org.apache.fontbox.ttf.CmapSubtable      : Format 14 cmap table is not supported and will be ignored
2024-12-08T15:25:12.490+05:00  WARN 2216 --- [app-pdf-bot] [http-nio-80-exec-5] org.apache.fontbox.ttf.CmapSubtable      : Format 14 cmap table is not supported and will be ignored
2024-12-08T15:25:12.494+05:00  WARN 2216 --- [app-pdf-bot] [http-nio-80-exec-5] org.apache.fontbox.ttf.CmapSubtable      : Format 14 cmap table is not supported and will be ignored
2024-12-08T15:25:12.759+05:00  WARN 2216 --- [app-pdf-bot] [http-nio-80-exec-5] org.apache.fontbox.ttf.CmapSubtable      : Format 14 cmap table is not supported and will be ignored
2024-12-08T15:25:13.469+05:00  WARN 2216 --- [app-pdf-bot] [http-nio-80-exec-5] org.apache.fontbox.ttf.CmapSubtable      : Format 14 cmap table is not supported and will be ignored
2024-12-08T15:25:13.498+05:00  WARN 2216 --- [app-pdf-bot] [http-nio-80-exec-5] org.apache.fontbox.ttf.CmapSubtable      : Format 14 cmap table is not supported and will be ignored
2024-12-08T15:25:13.525+05:00  WARN 2216 --- [app-pdf-bot] [http-nio-80-exec-5] org.apache.fontbox.ttf.CmapSubtable      : Format 14 cmap table is not supported and will be ignored
2024-12-08T15:25:13.606+05:00  WARN 2216 --- [app-pdf-bot] [http-nio-80-exec-5] org.apache.fontbox.ttf.CmapSubtable      : Format 14 cmap table is not supported and will be ignored
2024-12-08T15:25:13.633+05:00  WARN 2216 --- [app-pdf-bot] [http-nio-80-exec-5] org.apache.fontbox.ttf.CmapSubtable      : Format 14 cmap table is not supported and will be ignored
2024-12-08T15:25:13.719+05:00  WARN 2216 --- [app-pdf-bot] [http-nio-80-exec-5] org.apache.fontbox.ttf.CmapSubtable      : Format 14 cmap table is not supported and will be ignored
2024-12-08T15:25:13.750+05:00  WARN 2216 --- [app-pdf-bot] [http-nio-80-exec-5] org.apache.fontbox.ttf.CmapSubtable      : Format 14 cmap table is not supported and will be ignored
2024-12-08T15:25:13.833+05:00  WARN 2216 --- [app-pdf-bot] [http-nio-80-exec-5] org.apache.fontbox.ttf.CmapSubtable      : Format 14 cmap table is not supported and will be ignored
2024-12-08T15:25:13.859+05:00  WARN 2216 --- [app-pdf-bot] [http-nio-80-exec-5] org.apache.fontbox.ttf.CmapSubtable      : Format 14 cmap table is not supported and will be ignored
2024-12-08T15:25:13.916+05:00  WARN 2216 --- [app-pdf-bot] [http-nio-80-exec-5] o.a.p.p.font.FileSystemFontProvider      : Finished building on-disk font cache, found 441 fonts
2024-12-08T15:27:19.192+05:00 ERROR 2216 --- [app-pdf-bot] [http-nio-80-exec-8] c.d.p.a.exceptions.ExceptionHelper       : Invalid input. - {"update_id":936400408,
"message":{"message_id":1063,"from":{"id":1189809266,"is_bot":false,"first_name":"Dilshod","last_name":"Latipov","username":"dilshodlatipov","language_code":"en"},"chat":{"id":1189809266,"first_name":"Dilshod","last_name":"Latipov","username":"dilshodlatipov","type":"private"},"date":1733653636,"text":"casio"}}
2024-12-08T15:28:21.447+05:00 ERROR 2216 --- [app-pdf-bot] [http-nio-80-exec-9] c.d.p.a.exceptions.ExceptionHelper       : Invalid input. - {"update_id":936400413,
"message":{"message_id":1073,"from":{"id":1189809266,"is_bot":false,"first_name":"Dilshod","last_name":"Latipov","username":"dilshodlatipov","language_code":"en"},"chat":{"id":1189809266,"first_name":"Dilshod","last_name":"Latipov","username":"dilshodlatipov","type":"private"},"date":1733653699,"text":"acme"}}
2024-12-08T15:28:39.169+05:00 ERROR 2216 --- [app-pdf-bot] [http-nio-80-exec-10] c.d.p.a.exceptions.ExceptionHelper       : Invalid input. - {"update_id":936400414,
"message":{"message_id":1075,"from":{"id":1189809266,"is_bot":false,"first_name":"Dilshod","last_name":"Latipov","username":"dilshodlatipov","language_code":"en"},"chat":{"id":1189809266,"first_name":"Dilshod","last_name":"Latipov","username":"dilshodlatipov","type":"private"},"date":1733653716,"text":"acme"}}
2024-12-08T15:29:39.926+05:00 ERROR 2216 --- [app-pdf-bot] [http-nio-80-exec-7] c.d.p.a.exceptions.ExceptionHelper       : Invalid input. - {"update_id":936400415,
"message":{"message_id":1077,"from":{"id":1189809266,"is_bot":false,"first_name":"Dilshod","last_name":"Latipov","username":"dilshodlatipov","language_code":"en"},"chat":{"id":1189809266,"first_name":"Dilshod","last_name":"Latipov","username":"dilshodlatipov","type":"private"},"date":1733653728,"text":"acme"}}
2024-12-08T15:29:51.736+05:00  WARN 20412 --- [app-pdf-bot] [main] org.hibernate.orm.deprecation            : HHH90000025: H2Dialect does not need to be specified explicitly using 'hibernate.dialect' (remove the property setting and it will be selected by default)
2024-12-08T15:29:56.783+05:00  WARN 20412 --- [app-pdf-bot] [main] JpaBaseConfiguration$JpaWebConfiguration : spring.jpa.open-in-view is enabled by default. Therefore, database queries may be performed during view rendering. Explicitly configure spring.jpa.open-in-view to disable this warning
2024-12-08T15:30:31.970+05:00  WARN 17196 --- [app-pdf-bot] [main] org.hibernate.orm.deprecation            : HHH90000025: H2Dialect does not need to be specified explicitly using 'hibernate.dialect' (remove the property setting and it will be selected by default)
2024-12-08T15:30:36.434+05:00  WARN 17196 --- [app-pdf-bot] [main] JpaBaseConfiguration$JpaWebConfiguration : spring.jpa.open-in-view is enabled by default. Therefore, database queries may be performed during view rendering. Explicitly configure spring.jpa.open-in-view to disable this warning
2024-12-08T15:31:38.361+05:00  WARN 17196 --- [app-pdf-bot] [main] org.apache.fontbox.ttf.CmapSubtable      : Format 14 cmap table is not supported and will be ignored
2024-12-08T15:31:38.814+05:00  WARN 17196 --- [app-pdf-bot] [main] org.apache.fontbox.ttf.CmapSubtable      : Format 14 cmap table is not supported and will be ignored
2024-12-08T15:31:39.311+05:00  WARN 17196 --- [app-pdf-bot] [main] org.apache.fontbox.ttf.CmapSubtable      : Format 14 cmap table is not supported and will be ignored
2024-12-08T15:31:39.807+05:00  WARN 17196 --- [app-pdf-bot] [main] org.apache.fontbox.ttf.CmapSubtable      : Format 14 cmap table is not supported and will be ignored
2024-12-08T15:31:40.266+05:00  WARN 17196 --- [app-pdf-bot] [main] org.apache.fontbox.ttf.CmapSubtable      : Format 14 cmap table is not supported and will be ignored
2024-12-08T15:31:40.761+05:00  WARN 17196 --- [app-pdf-bot] [main] org.apache.fontbox.ttf.CmapSubtable      : Format 14 cmap table is not supported and will be ignored
2024-12-08T15:31:41.245+05:00  WARN 17196 --- [app-pdf-bot] [main] org.apache.fontbox.ttf.CmapSubtable      : Format 14 cmap table is not supported and will be ignored
2024-12-08T15:31:41.761+05:00  WARN 17196 --- [app-pdf-bot] [main] org.apache.fontbox.ttf.CmapSubtable      : Format 14 cmap table is not supported and will be ignored
2024-12-08T15:49:20.458+05:00  WARN 4764 --- [app-pdf-bot] [main] org.hibernate.orm.deprecation            : HHH90000025: H2Dialect does not need to be specified explicitly using 'hibernate.dialect' (remove the property setting and it will be selected by default)
2024-12-08T15:49:25.601+05:00  WARN 4764 --- [app-pdf-bot] [main] JpaBaseConfiguration$JpaWebConfiguration : spring.jpa.open-in-view is enabled by default. Therefore, database queries may be performed during view rendering. Explicitly configure spring.jpa.open-in-view to disable this warning
2024-12-08T15:50:21.356+05:00 ERROR 4764 --- [app-pdf-bot] [http-nio-80-exec-6] c.d.p.a.exceptions.ExceptionHelper       : Invalid input. - {"update_id":936400421,
"message":{"message_id":1090,"from":{"id":1189809266,"is_bot":false,"first_name":"Dilshod","last_name":"Latipov","username":"dilshodlatipov","language_code":"en"},"chat":{"id":1189809266,"first_name":"Dilshod","last_name":"Latipov","username":"dilshodlatipov","type":"private"},"date":1733655019,"text":"acme"}}
2024-12-08T15:50:42.851+05:00 ERROR 4764 --- [app-pdf-bot] [http-nio-80-exec-7] c.d.p.a.exceptions.ExceptionHelper       : Invalid input. - {"update_id":936400422,
"message":{"message_id":1092,"from":{"id":1189809266,"is_bot":false,"first_name":"Dilshod","last_name":"Latipov","username":"dilshodlatipov","language_code":"en"},"chat":{"id":1189809266,"first_name":"Dilshod","last_name":"Latipov","username":"dilshodlatipov","type":"private"},"date":1733655040,"text":"akatab"}}
2024-12-08T15:51:06.926+05:00 ERROR 4764 --- [app-pdf-bot] [http-nio-80-exec-8] c.d.p.a.exceptions.ExceptionHelper       : Invalid input. - {"update_id":936400423,
"message":{"message_id":1094,"from":{"id":1189809266,"is_bot":false,"first_name":"Dilshod","last_name":"Latipov","username":"dilshodlatipov","language_code":"en"},"chat":{"id":1189809266,"first_name":"Dilshod","last_name":"Latipov","username":"dilshodlatipov","type":"private"},"date":1733655064,"text":"acme"}}
2024-12-08T15:57:20.686+05:00  WARN 4764 --- [app-pdf-bot] [HikariPool-1 housekeeper] com.zaxxer.hikari.pool.HikariPool        : HikariPool-1 - Thread starvation or clock leap detected (housekeeper delta=5m30s82ms83µs800ns).
2024-12-08T15:57:20.963+05:00  WARN 4764 --- [app-pdf-bot] [task-2] o.a.p.pdmodel.PDAbstractContentStream    : You did not call endText(), some viewers won't display your text
2024-12-08T15:57:20.968+05:00 ERROR 4764 --- [app-pdf-bot] [http-nio-80-exec-10] c.d.p.a.exceptions.ExceptionHelper       : ServletOutputStream failed to flush: java.io.IOException: An established connection was aborted by the software in your host machine - {"update_id":936400424,
"message":{"message_id":1096,"from":{"id":1189809266,"is_bot":false,"first_name":"Dilshod","last_name":"Latipov","username":"dilshodlatipov","language_code":"en"},"chat":{"id":1189809266,"first_name":"Dilshod","last_name":"Latipov","username":"dilshodlatipov","type":"private"},"date":1733655114,"text":"acme"}}
2024-12-08T15:57:20.968+05:00 ERROR 4764 --- [app-pdf-bot] [http-nio-80-exec-9] c.d.p.a.exceptions.ExceptionHelper       : ServletOutputStream failed to flush: java.io.IOException: An established connection was aborted by the software in your host machine - {"update_id":936400424,
"message":{"message_id":1096,"from":{"id":1189809266,"is_bot":false,"first_name":"Dilshod","last_name":"Latipov","username":"dilshodlatipov","language_code":"en"},"chat":{"id":1189809266,"first_name":"Dilshod","last_name":"Latipov","username":"dilshodlatipov","type":"private"},"date":1733655114,"text":"acme"}}
2024-12-08T15:57:20.970+05:00 ERROR 4764 --- [app-pdf-bot] [http-nio-80-exec-5] c.d.p.a.exceptions.ExceptionHelper       : ServletOutputStream failed to flush: java.io.IOException: An established connection was aborted by the software in your host machine - {"update_id":936400424,
"message":{"message_id":1096,"from":{"id":1189809266,"is_bot":false,"first_name":"Dilshod","last_name":"Latipov","username":"dilshodlatipov","language_code":"en"},"chat":{"id":1189809266,"first_name":"Dilshod","last_name":"Latipov","username":"dilshodlatipov","type":"private"},"date":1733655114,"text":"acme"}}
2024-12-08T15:57:20.976+05:00  WARN 4764 --- [app-pdf-bot] [task-3] o.a.p.pdmodel.PDAbstractContentStream    : You did not call endText(), some viewers won't display your text
2024-12-08T15:57:20.987+05:00  WARN 4764 --- [app-pdf-bot] [task-4] o.a.p.pdmodel.PDAbstractContentStream    : You did not call endText(), some viewers won't display your text
2024-12-08T15:57:20.974+05:00 ERROR 4764 --- [app-pdf-bot] [task-2] .a.i.SimpleAsyncUncaughtExceptionHandler : Unexpected exception occurred invoking async method: public void com.dilshodlatipov.pdfbot.apppdfbot.service.bot.AsyncConverterImpl.processDocument(com.dilshodlatipov.pdfbot.apppdfbot.payload.Order,com.dilshodlatipov.pdfbot.apppdfbot.entity.UserEntity)

java.lang.RuntimeException: java.lang.NullPointerException: Cannot invoke "java.io.InputStream.read(byte[], int, int)" because "input" is null
	at com.dilshodlatipov.pdfbot.apppdfbot.service.PDFServiceImpl.createDocument(PDFServiceImpl.java:47) ~[classes/:na]
	at com.dilshodlatipov.pdfbot.apppdfbot.service.bot.AsyncConverterImpl.convertTextToPDF(AsyncConverterImpl.java:102) ~[classes/:na]
	at com.dilshodlatipov.pdfbot.apppdfbot.service.bot.AsyncConverterImpl.processDocument(AsyncConverterImpl.java:70) ~[classes/:na]
	at java.base/jdk.internal.reflect.NativeMethodAccessorImpl.invoke0(Native Method) ~[na:na]
	at java.base/jdk.internal.reflect.NativeMethodAccessorImpl.invoke(NativeMethodAccessorImpl.java:77) ~[na:na]
	at java.base/jdk.internal.reflect.DelegatingMethodAccessorImpl.invoke(DelegatingMethodAccessorImpl.java:43) ~[na:na]
	at java.base/java.lang.reflect.Method.invoke(Method.java:568) ~[na:na]
	at org.springframework.aop.support.AopUtils.invokeJoinpointUsingReflection(AopUtils.java:354) ~[spring-aop-6.1.10.jar:6.1.10]
	at org.springframework.aop.framework.ReflectiveMethodInvocation.invokeJoinpoint(ReflectiveMethodInvocation.java:196) ~[spring-aop-6.1.10.jar:6.1.10]
	at org.springframework.aop.framework.ReflectiveMethodInvocation.proceed(ReflectiveMethodInvocation.java:163) ~[spring-aop-6.1.10.jar:6.1.10]
	at org.springframework.aop.interceptor.AsyncExecutionInterceptor.lambda$invoke$0(AsyncExecutionInterceptor.java:113) ~[spring-aop-6.1.10.jar:6.1.10]
	at java.base/java.util.concurrent.FutureTask.run$$$capture(FutureTask.java:264) ~[na:na]
	at java.base/java.util.concurrent.FutureTask.run(FutureTask.java) ~[na:na]
	at java.base/java.util.concurrent.ThreadPoolExecutor.runWorker(ThreadPoolExecutor.java:1136) ~[na:na]
	at java.base/java.util.concurrent.ThreadPoolExecutor$Worker.run(ThreadPoolExecutor.java:635) ~[na:na]
	at java.base/java.lang.Thread.run(Thread.java:842) ~[na:na]
Caused by: java.lang.NullPointerException: Cannot invoke "java.io.InputStream.read(byte[], int, int)" because "input" is null
	at org.apache.pdfbox.io.RandomAccessReadBuffer.<init>(RandomAccessReadBuffer.java:114) ~[pdfbox-io-3.0.2.jar:3.0.2]
	at org.apache.pdfbox.pdmodel.font.PDType0Font.load(PDType0Font.java:185) ~[pdfbox-3.0.2.jar:3.0.2]
	at org.apache.pdfbox.pdmodel.font.PDType0Font.load(PDType0Font.java:169) ~[pdfbox-3.0.2.jar:3.0.2]
	at com.dilshodlatipov.pdfbot.apppdfbot.service.PDFServiceImpl.createDocument(PDFServiceImpl.java:35) ~[classes/:na]
	... 15 common frames omitted

2024-12-08T15:57:20.979+05:00 ERROR 4764 --- [app-pdf-bot] [task-3] .a.i.SimpleAsyncUncaughtExceptionHandler : Unexpected exception occurred invoking async method: public void com.dilshodlatipov.pdfbot.apppdfbot.service.bot.AsyncConverterImpl.processDocument(com.dilshodlatipov.pdfbot.apppdfbot.payload.Order,com.dilshodlatipov.pdfbot.apppdfbot.entity.UserEntity)

java.lang.RuntimeException: java.lang.NullPointerException: Cannot invoke "java.io.InputStream.read(byte[], int, int)" because "input" is null
	at com.dilshodlatipov.pdfbot.apppdfbot.service.PDFServiceImpl.createDocument(PDFServiceImpl.java:47) ~[classes/:na]
	at com.dilshodlatipov.pdfbot.apppdfbot.service.bot.AsyncConverterImpl.convertTextToPDF(AsyncConverterImpl.java:102) ~[classes/:na]
	at com.dilshodlatipov.pdfbot.apppdfbot.service.bot.AsyncConverterImpl.processDocument(AsyncConverterImpl.java:70) ~[classes/:na]
	at java.base/jdk.internal.reflect.NativeMethodAccessorImpl.invoke0(Native Method) ~[na:na]
	at java.base/jdk.internal.reflect.NativeMethodAccessorImpl.invoke(NativeMethodAccessorImpl.java:77) ~[na:na]
	at java.base/jdk.internal.reflect.DelegatingMethodAccessorImpl.invoke(DelegatingMethodAccessorImpl.java:43) ~[na:na]
	at java.base/java.lang.reflect.Method.invoke(Method.java:568) ~[na:na]
	at org.springframework.aop.support.AopUtils.invokeJoinpointUsingReflection(AopUtils.java:354) ~[spring-aop-6.1.10.jar:6.1.10]
	at org.springframework.aop.framework.ReflectiveMethodInvocation.invokeJoinpoint(ReflectiveMethodInvocation.java:196) ~[spring-aop-6.1.10.jar:6.1.10]
	at org.springframework.aop.framework.ReflectiveMethodInvocation.proceed(ReflectiveMethodInvocation.java:163) ~[spring-aop-6.1.10.jar:6.1.10]
	at org.springframework.aop.interceptor.AsyncExecutionInterceptor.lambda$invoke$0(AsyncExecutionInterceptor.java:113) ~[spring-aop-6.1.10.jar:6.1.10]
	at java.base/java.util.concurrent.FutureTask.run$$$capture(FutureTask.java:264) ~[na:na]
	at java.base/java.util.concurrent.FutureTask.run(FutureTask.java) ~[na:na]
	at java.base/java.util.concurrent.ThreadPoolExecutor.runWorker(ThreadPoolExecutor.java:1136) ~[na:na]
	at java.base/java.util.concurrent.ThreadPoolExecutor$Worker.run(ThreadPoolExecutor.java:635) ~[na:na]
	at java.base/java.lang.Thread.run(Thread.java:842) ~[na:na]
Caused by: java.lang.NullPointerException: Cannot invoke "java.io.InputStream.read(byte[], int, int)" because "input" is null
	at org.apache.pdfbox.io.RandomAccessReadBuffer.<init>(RandomAccessReadBuffer.java:114) ~[pdfbox-io-3.0.2.jar:3.0.2]
	at org.apache.pdfbox.pdmodel.font.PDType0Font.load(PDType0Font.java:185) ~[pdfbox-3.0.2.jar:3.0.2]
	at org.apache.pdfbox.pdmodel.font.PDType0Font.load(PDType0Font.java:169) ~[pdfbox-3.0.2.jar:3.0.2]
	at com.dilshodlatipov.pdfbot.apppdfbot.service.PDFServiceImpl.createDocument(PDFServiceImpl.java:35) ~[classes/:na]
	... 15 common frames omitted

2024-12-08T15:57:20.989+05:00 ERROR 4764 --- [app-pdf-bot] [task-4] .a.i.SimpleAsyncUncaughtExceptionHandler : Unexpected exception occurred invoking async method: public void com.dilshodlatipov.pdfbot.apppdfbot.service.bot.AsyncConverterImpl.processDocument(com.dilshodlatipov.pdfbot.apppdfbot.payload.Order,com.dilshodlatipov.pdfbot.apppdfbot.entity.UserEntity)

java.lang.RuntimeException: java.lang.NullPointerException: Cannot invoke "java.io.InputStream.read(byte[], int, int)" because "input" is null
	at com.dilshodlatipov.pdfbot.apppdfbot.service.PDFServiceImpl.createDocument(PDFServiceImpl.java:47) ~[classes/:na]
	at com.dilshodlatipov.pdfbot.apppdfbot.service.bot.AsyncConverterImpl.convertTextToPDF(AsyncConverterImpl.java:102) ~[classes/:na]
	at com.dilshodlatipov.pdfbot.apppdfbot.service.bot.AsyncConverterImpl.processDocument(AsyncConverterImpl.java:70) ~[classes/:na]
	at java.base/jdk.internal.reflect.NativeMethodAccessorImpl.invoke0(Native Method) ~[na:na]
	at java.base/jdk.internal.reflect.NativeMethodAccessorImpl.invoke(NativeMethodAccessorImpl.java:77) ~[na:na]
	at java.base/jdk.internal.reflect.DelegatingMethodAccessorImpl.invoke(DelegatingMethodAccessorImpl.java:43) ~[na:na]
	at java.base/java.lang.reflect.Method.invoke(Method.java:568) ~[na:na]
	at org.springframework.aop.support.AopUtils.invokeJoinpointUsingReflection(AopUtils.java:354) ~[spring-aop-6.1.10.jar:6.1.10]
	at org.springframework.aop.framework.ReflectiveMethodInvocation.invokeJoinpoint(ReflectiveMethodInvocation.java:196) ~[spring-aop-6.1.10.jar:6.1.10]
	at org.springframework.aop.framework.ReflectiveMethodInvocation.proceed(ReflectiveMethodInvocation.java:163) ~[spring-aop-6.1.10.jar:6.1.10]
	at org.springframework.aop.interceptor.AsyncExecutionInterceptor.lambda$invoke$0(AsyncExecutionInterceptor.java:113) ~[spring-aop-6.1.10.jar:6.1.10]
	at java.base/java.util.concurrent.FutureTask.run$$$capture(FutureTask.java:264) ~[na:na]
	at java.base/java.util.concurrent.FutureTask.run(FutureTask.java) ~[na:na]
	at java.base/java.util.concurrent.ThreadPoolExecutor.runWorker(ThreadPoolExecutor.java:1136) ~[na:na]
	at java.base/java.util.concurrent.ThreadPoolExecutor$Worker.run(ThreadPoolExecutor.java:635) ~[na:na]
	at java.base/java.lang.Thread.run(Thread.java:842) ~[na:na]
Caused by: java.lang.NullPointerException: Cannot invoke "java.io.InputStream.read(byte[], int, int)" because "input" is null
	at org.apache.pdfbox.io.RandomAccessReadBuffer.<init>(RandomAccessReadBuffer.java:114) ~[pdfbox-io-3.0.2.jar:3.0.2]
	at org.apache.pdfbox.pdmodel.font.PDType0Font.load(PDType0Font.java:185) ~[pdfbox-3.0.2.jar:3.0.2]
	at org.apache.pdfbox.pdmodel.font.PDType0Font.load(PDType0Font.java:169) ~[pdfbox-3.0.2.jar:3.0.2]
	at com.dilshodlatipov.pdfbot.apppdfbot.service.PDFServiceImpl.createDocument(PDFServiceImpl.java:35) ~[classes/:na]
	... 15 common frames omitted

2024-12-08T15:57:36.178+05:00  WARN 11072 --- [app-pdf-bot] [main] org.hibernate.orm.deprecation            : HHH90000025: H2Dialect does not need to be specified explicitly using 'hibernate.dialect' (remove the property setting and it will be selected by default)
2024-12-08T15:57:41.316+05:00  WARN 11072 --- [app-pdf-bot] [main] JpaBaseConfiguration$JpaWebConfiguration : spring.jpa.open-in-view is enabled by default. Therefore, database queries may be performed during view rendering. Explicitly configure spring.jpa.open-in-view to disable this warning
2024-12-08T15:58:25.317+05:00 ERROR 11072 --- [app-pdf-bot] [http-nio-80-exec-8] c.d.p.a.exceptions.ExceptionHelper       : Invalid input. - {"update_id":936400427,
"message":{"message_id":1101,"from":{"id":1189809266,"is_bot":false,"first_name":"Dilshod","last_name":"Latipov","username":"dilshodlatipov","language_code":"en"},"chat":{"id":1189809266,"first_name":"Dilshod","last_name":"Latipov","username":"dilshodlatipov","type":"private"},"date":1733655489,"text":"acme"}}
2024-12-08T16:00:02.573+05:00  WARN 11072 --- [app-pdf-bot] [HikariPool-1 housekeeper] com.zaxxer.hikari.pool.HikariPool        : HikariPool-1 - Thread starvation or clock leap detected (housekeeper delta=1m56s326ms850µs900ns).
2024-12-08T16:00:05.351+05:00 ERROR 11072 --- [app-pdf-bot] [http-nio-80-exec-9] c.d.p.a.exceptions.ExceptionHelper       : Invalid input. - {"update_id":936400428,
"message":{"message_id":1103,"from":{"id":1189809266,"is_bot":false,"first_name":"Dilshod","last_name":"Latipov","username":"dilshodlatipov","language_code":"en"},"chat":{"id":1189809266,"first_name":"Dilshod","last_name":"Latipov","username":"dilshodlatipov","type":"private"},"date":1733655508,"text":"acme"}}
2024-12-08T16:00:10.068+05:00 ERROR 11072 --- [app-pdf-bot] [http-nio-80-exec-4] c.d.p.a.exceptions.ExceptionHelper       : Invalid input. - {"update_id":936400428,
"message":{"message_id":1103,"from":{"id":1189809266,"is_bot":false,"first_name":"Dilshod","last_name":"Latipov","username":"dilshodlatipov","language_code":"en"},"chat":{"id":1189809266,"first_name":"Dilshod","last_name":"Latipov","username":"dilshodlatipov","type":"private"},"date":1733655508,"text":"acme"}}
2024-12-08T16:01:03.469+05:00 ERROR 11072 --- [app-pdf-bot] [http-nio-80-exec-7] c.d.p.a.exceptions.ExceptionHelper       : Invalid input. - {"update_id":936400429,
"message":{"message_id":1104,"from":{"id":1189809266,"is_bot":false,"first_name":"Dilshod","last_name":"Latipov","username":"dilshodlatipov","language_code":"en"},"chat":{"id":1189809266,"first_name":"Dilshod","last_name":"Latipov","username":"dilshodlatipov","type":"private"},"date":1733655596,"text":"acme"}}
